<?xml version="1.0" encoding="UTF-8"?>
<!-- Generated by org.testng.reporters.JUnitXMLReporter -->
<testsuite ignored="0" hostname="MANTHANs-MacBook-Pro.local" failures="0" tests="3" name="Default test" time="14.337" errors="0" timestamp="28 Apr. 2024 16:24:30 GMT">
  <testcase classname="testNGSessions.AmazonTest" name="titleTest" time="0.042"/>
  <testcase classname="testNGSessions.AmazonTest" name="searchExistTest" time="0.079"/>
  <testcase classname="testNGSessions.AmazonTest" name="isHelpExistTest" time="0.663"/>
</testsuite> <!-- Default test -->
