<?xml version="1.0" encoding="UTF-8"?>
<testng-results ignored="0" total="3" passed="3" failed="0" skipped="0">
  <reporter-output>
  </reporter-output>
  <suite started-at="2024-04-28T16:24:10Z" name="Default suite" finished-at="2024-04-28T16:24:24Z" duration-ms="14337">
    <groups>
    </groups>
    <test started-at="2024-04-28T16:24:10Z" name="Default test" finished-at="2024-04-28T16:24:24Z" duration-ms="14337">
      <class name="testNGSessions.AmazonTest">
        <test-method is-config="true" signature="setup()[pri:0, instance:testNGSessions.AmazonTest@1fc32e4f]" started-at="2024-04-28T16:24:10Z" name="setup" finished-at="2024-04-28T16:24:16Z" duration-ms="5517" status="PASS">
          <reporter-output>
          </reporter-output>
        </test-method> <!-- setup -->
        <test-method signature="titleTest()[pri:1, instance:testNGSessions.AmazonTest@1fc32e4f]" started-at="2024-04-28T16:24:16Z" name="titleTest" finished-at="2024-04-28T16:24:16Z" duration-ms="42" status="PASS">
          <reporter-output>
          </reporter-output>
        </test-method> <!-- titleTest -->
        <test-method is-config="true" signature="tearDown()[pri:0, instance:testNGSessions.AmazonTest@1fc32e4f]" started-at="2024-04-28T16:24:16Z" name="tearDown" finished-at="2024-04-28T16:24:16Z" duration-ms="109" status="PASS">
          <reporter-output>
          </reporter-output>
        </test-method> <!-- tearDown -->
        <test-method is-config="true" signature="setup()[pri:0, instance:testNGSessions.AmazonTest@1fc32e4f]" started-at="2024-04-28T16:24:16Z" name="setup" finished-at="2024-04-28T16:24:20Z" duration-ms="3874" status="PASS">
          <reporter-output>
          </reporter-output>
        </test-method> <!-- setup -->
        <test-method signature="searchExistTest()[pri:2, instance:testNGSessions.AmazonTest@1fc32e4f]" started-at="2024-04-28T16:24:20Z" name="searchExistTest" finished-at="2024-04-28T16:24:20Z" duration-ms="79" status="PASS">
          <reporter-output>
          </reporter-output>
        </test-method> <!-- searchExistTest -->
        <test-method is-config="true" signature="tearDown()[pri:0, instance:testNGSessions.AmazonTest@1fc32e4f]" started-at="2024-04-28T16:24:20Z" name="tearDown" finished-at="2024-04-28T16:24:20Z" duration-ms="106" status="PASS">
          <reporter-output>
          </reporter-output>
        </test-method> <!-- tearDown -->
        <test-method is-config="true" signature="setup()[pri:0, instance:testNGSessions.AmazonTest@1fc32e4f]" started-at="2024-04-28T16:24:20Z" name="setup" finished-at="2024-04-28T16:24:24Z" duration-ms="3708" status="PASS">
          <reporter-output>
          </reporter-output>
        </test-method> <!-- setup -->
        <test-method signature="isHelpExistTest()[pri:3, instance:testNGSessions.AmazonTest@1fc32e4f]" started-at="2024-04-28T16:24:24Z" name="isHelpExistTest" finished-at="2024-04-28T16:24:24Z" duration-ms="663" status="PASS">
          <reporter-output>
          </reporter-output>
        </test-method> <!-- isHelpExistTest -->
        <test-method is-config="true" signature="tearDown()[pri:0, instance:testNGSessions.AmazonTest@1fc32e4f]" started-at="2024-04-28T16:24:24Z" name="tearDown" finished-at="2024-04-28T16:24:24Z" duration-ms="218" status="PASS">
          <reporter-output>
          </reporter-output>
        </test-method> <!-- tearDown -->
      </class> <!-- testNGSessions.AmazonTest -->
    </test> <!-- Default test -->
  </suite> <!-- Default suite -->
</testng-results>
